c:\users\matthias\desktop\nomad_vs13\openvr-0.9.19\samples\extension_to_visualize_fluid_simulations\x64\debug\vc120.pdb
c:\users\matthias\desktop\nomad_vs13\openvr-0.9.19\samples\extension_to_visualize_fluid_simulations\x64\debug\vc120.idb
c:\users\matthias\desktop\nomad_vs13\openvr-0.9.19\samples\extension_to_visualize_fluid_simulations\x64\debug\lodepng.obj
c:\users\matthias\desktop\nomad_vs13\openvr-0.9.19\samples\extension_to_visualize_fluid_simulations\x64\debug\matrices.obj
c:\users\matthias\desktop\nomad_vs13\openvr-0.9.19\samples\extension_to_visualize_fluid_simulations\x64\debug\pathtools.obj
c:\users\matthias\desktop\nomad_vs13\openvr-0.9.19\samples\extension_to_visualize_fluid_simulations\x64\debug\atomvectors.obj
c:\users\matthias\desktop\nomad_vs13\openvr-0.9.19\samples\extension_to_visualize_fluid_simulations\x64\debug\loadpng.obj
c:\users\matthias\desktop\nomad_vs13\openvr-0.9.19\samples\extension_to_visualize_fluid_simulations\x64\debug\mwp.obj
c:\users\matthias\desktop\nomad_vs13\openvr-0.9.19\samples\extension_to_visualize_fluid_simulations\x64\debug\atomsgl.obj
c:\users\matthias\desktop\nomad_vs13\openvr-0.9.19\samples\extension_to_visualize_fluid_simulations\x64\debug\compileglshader.obj
c:\users\matthias\desktop\nomad_vs13\openvr-0.9.19\samples\extension_to_visualize_fluid_simulations\x64\debug\grid.obj
c:\users\matthias\desktop\nomad_vs13\openvr-0.9.19\samples\extension_to_visualize_fluid_simulations\x64\debug\isoshaders.obj
c:\users\matthias\desktop\nomad_vs13\openvr-0.9.19\samples\extension_to_visualize_fluid_simulations\x64\debug\isosurfacesgl.obj
c:\users\matthias\desktop\nomad_vs13\openvr-0.9.19\samples\extension_to_visualize_fluid_simulations\x64\debug\markershaders.obj
c:\users\matthias\desktop\nomad_vs13\openvr-0.9.19\samples\extension_to_visualize_fluid_simulations\x64\debug\polyhedron.obj
c:\users\matthias\desktop\nomad_vs13\openvr-0.9.19\samples\extension_to_visualize_fluid_simulations\x64\debug\tessshaders.obj
c:\users\matthias\desktop\nomad_vs13\openvr-0.9.19\samples\extension_to_visualize_fluid_simulations\x64\debug\unitcellshaders.obj
c:\users\matthias\desktop\nomad_vs13\openvr-0.9.19\samples\extension_to_visualize_fluid_simulations\x64\debug\nomadvivet_ma.tlog\cl.command.1.tlog
c:\users\matthias\desktop\nomad_vs13\openvr-0.9.19\samples\extension_to_visualize_fluid_simulations\x64\debug\nomadvivet_ma.tlog\cl.read.1.tlog
c:\users\matthias\desktop\nomad_vs13\openvr-0.9.19\samples\extension_to_visualize_fluid_simulations\x64\debug\nomadvivet_ma.tlog\cl.write.1.tlog
