Y:\SOFTWARE\OPENVR\OPENVR-0.9.19\SAMPLES\BIN\NOMADVIVET.ILK
Y:\SOFTWARE\OPENVR\OPENVR-0.9.19\SAMPLES\BIN\NOMADVIVET.EXE
Y:\SOFTWARE\OPENVR\OPENVR-0.9.19\SAMPLES\BIN\NOMADVIVET.PDB
Y:\SOFTWARE\OPENVR\OPENVR-0.9.19\SAMPLES\BEINGANATOM\X64\DEBUG\LODEPNG.OBJ
Y:\SOFTWARE\OPENVR\OPENVR-0.9.19\SAMPLES\BEINGANATOM\X64\DEBUG\MATRICES.OBJ
Y:\SOFTWARE\OPENVR\OPENVR-0.9.19\SAMPLES\BEINGANATOM\X64\DEBUG\PATHTOOLS.OBJ
Y:\SOFTWARE\OPENVR\OPENVR-0.9.19\SAMPLES\BEINGANATOM\X64\DEBUG\ATOMVECTORS.OBJ
Y:\SOFTWARE\OPENVR\OPENVR-0.9.19\SAMPLES\BEINGANATOM\X64\DEBUG\HAPPYHTTP.OBJ
Y:\SOFTWARE\OPENVR\OPENVR-0.9.19\SAMPLES\BEINGANATOM\X64\DEBUG\HELLOVR_OPENGL_MAIN.OBJ
Y:\SOFTWARE\OPENVR\OPENVR-0.9.19\SAMPLES\BEINGANATOM\X64\DEBUG\MWP.OBJ
Y:\SOFTWARE\OPENVR\OPENVR-0.9.19\SAMPLES\BEINGANATOM\X64\DEBUG\ATOMS.OBJ
Y:\SOFTWARE\OPENVR\OPENVR-0.9.19\SAMPLES\BEINGANATOM\X64\DEBUG\ATOMSGL.OBJ
Y:\SOFTWARE\OPENVR\OPENVR-0.9.19\SAMPLES\BEINGANATOM\X64\DEBUG\COMPILEGLSHADER.OBJ
Y:\SOFTWARE\OPENVR\OPENVR-0.9.19\SAMPLES\BEINGANATOM\X64\DEBUG\CONFIGFILE.OBJ
Y:\SOFTWARE\OPENVR\OPENVR-0.9.19\SAMPLES\BEINGANATOM\X64\DEBUG\GRID.OBJ
Y:\SOFTWARE\OPENVR\OPENVR-0.9.19\SAMPLES\BEINGANATOM\X64\DEBUG\ISOSHADERS.OBJ
Y:\SOFTWARE\OPENVR\OPENVR-0.9.19\SAMPLES\BEINGANATOM\X64\DEBUG\ISOSURFACESGL.OBJ
Y:\SOFTWARE\OPENVR\OPENVR-0.9.19\SAMPLES\BEINGANATOM\X64\DEBUG\MARKERSHADERS.OBJ
Y:\SOFTWARE\OPENVR\OPENVR-0.9.19\SAMPLES\BEINGANATOM\X64\DEBUG\POLYHEDRON.OBJ
Y:\SOFTWARE\OPENVR\OPENVR-0.9.19\SAMPLES\BEINGANATOM\X64\DEBUG\TESSSHADERS.OBJ
Y:\SOFTWARE\OPENVR\OPENVR-0.9.19\SAMPLES\BEINGANATOM\X64\DEBUG\UNITCELLSHADERS.OBJ
Y:\SOFTWARE\OPENVR\OPENVR-0.9.19\SAMPLES\BEINGANATOM\X64\DEBUG\VC110.PDB
Y:\SOFTWARE\OPENVR\OPENVR-0.9.19\SAMPLES\BEINGANATOM\X64\DEBUG\HSV.OBJ
Y:\SOFTWARE\OPENVR\OPENVR-0.9.19\SAMPLES\BEINGANATOM\X64\DEBUG\RPLY.OBJ
Y:\SOFTWARE\OPENVR\OPENVR-0.9.19\SAMPLES\BEINGANATOM\X64\DEBUG\LOADPNG.OBJ
Y:\SOFTWARE\OPENVR\OPENVR-0.9.19\SAMPLES\BEINGANATOM\X64\DEBUG\NOMADVIVET.RES
Y:\software\openvr\openvr-0.9.19\samples\BeingAnAtom\x64\Debug\lodepng.obj
Y:\software\openvr\openvr-0.9.19\samples\BeingAnAtom\x64\Debug\Matrices.obj
Y:\software\openvr\openvr-0.9.19\samples\BeingAnAtom\x64\Debug\pathtools.obj
Y:\software\openvr\openvr-0.9.19\samples\BeingAnAtom\x64\Debug\LoadPNG.obj
Y:\software\openvr\openvr-0.9.19\samples\BeingAnAtom\x64\Debug\happyhttp.obj
Y:\software\openvr\openvr-0.9.19\samples\BeingAnAtom\x64\Debug\atomVectors.obj
Y:\software\openvr\openvr-0.9.19\samples\BeingAnAtom\x64\Debug\IsosurfacesGL.obj
Y:\software\openvr\openvr-0.9.19\samples\BeingAnAtom\x64\Debug\atoms.obj
Y:\software\openvr\openvr-0.9.19\samples\BeingAnAtom\x64\Debug\atomsGL.obj
Y:\software\openvr\openvr-0.9.19\samples\BeingAnAtom\x64\Debug\CompileGLShader.obj
Y:\software\openvr\openvr-0.9.19\samples\BeingAnAtom\x64\Debug\ConfigFile.obj
Y:\software\openvr\openvr-0.9.19\samples\BeingAnAtom\x64\Debug\Grid.obj
Y:\software\openvr\openvr-0.9.19\samples\BeingAnAtom\x64\Debug\IsoShaders.obj
Y:\software\openvr\openvr-0.9.19\samples\BeingAnAtom\x64\Debug\hellovr_opengl_main.obj
Y:\software\openvr\openvr-0.9.19\samples\BeingAnAtom\x64\Debug\markerShaders.obj
Y:\software\openvr\openvr-0.9.19\samples\BeingAnAtom\x64\Debug\polyhedron.obj
Y:\software\openvr\openvr-0.9.19\samples\BeingAnAtom\x64\Debug\TessShaders.obj
Y:\software\openvr\openvr-0.9.19\samples\BeingAnAtom\x64\Debug\UnitCellShaders.obj
Y:\software\openvr\openvr-0.9.19\samples\BeingAnAtom\x64\Debug\hsv.obj
Y:\software\openvr\openvr-0.9.19\samples\BeingAnAtom\x64\Debug\rply.obj
Y:\software\openvr\openvr-0.9.19\samples\BeingAnAtom\x64\Debug\mwP.obj
Y:\software\openvr\openvr-0.9.19\samples\BeingAnAtom\x64\Debug\link.write.1.tlog
Y:\software\openvr\openvr-0.9.19\samples\BeingAnAtom\x64\Debug\CL.read.1.tlog
Y:\software\openvr\openvr-0.9.19\samples\BeingAnAtom\x64\Debug\CL.write.1.tlog
Y:\software\openvr\openvr-0.9.19\samples\BeingAnAtom\x64\Debug\cl.command.1.tlog
Y:\software\openvr\openvr-0.9.19\samples\BeingAnAtom\x64\Debug\rc.read.1.tlog
Y:\software\openvr\openvr-0.9.19\samples\BeingAnAtom\x64\Debug\rc.write.1.tlog
Y:\software\openvr\openvr-0.9.19\samples\BeingAnAtom\x64\Debug\rc.command.1.tlog
Y:\software\openvr\openvr-0.9.19\samples\BeingAnAtom\x64\Debug\link.read.1.tlog
Y:\software\openvr\openvr-0.9.19\samples\BeingAnAtom\x64\Debug\link.command.1.tlog
Y:\software\openvr\openvr-0.9.19\samples\BeingAnAtom\x64\Debug\link-rc.read.1.tlog
Y:\software\openvr\openvr-0.9.19\samples\BeingAnAtom\x64\Debug\link-rc.write.1.tlog
Y:\software\openvr\openvr-0.9.19\samples\BeingAnAtom\x64\Debug\link-cvtres.read.1.tlog
Y:\software\openvr\openvr-0.9.19\samples\BeingAnAtom\x64\Debug\link-cvtres.write.1.tlog
Y:\software\openvr\openvr-0.9.19\samples\BeingAnAtom\x64\Debug\link.1668-rc.read.1.tlog
Y:\software\openvr\openvr-0.9.19\samples\BeingAnAtom\x64\Debug\link.1668-rc.write.1.tlog
Y:\software\openvr\openvr-0.9.19\samples\BeingAnAtom\x64\Debug\link.1668-cvtres.read.1.tlog
Y:\software\openvr\openvr-0.9.19\samples\BeingAnAtom\x64\Debug\link.1668-cvtres.write.1.tlog
Y:\software\openvr\openvr-0.9.19\samples\BeingAnAtom\x64\Debug\link.1668.read.1.tlog
Y:\software\openvr\openvr-0.9.19\samples\BeingAnAtom\x64\Debug\link.1668.write.1.tlog
Y:\software\openvr\openvr-0.9.19\samples\BeingAnAtom\x64\Debug\link.6420-rc.read.1.tlog
Y:\software\openvr\openvr-0.9.19\samples\BeingAnAtom\x64\Debug\link.6420-rc.write.1.tlog
Y:\software\openvr\openvr-0.9.19\samples\BeingAnAtom\x64\Debug\link.6420-cvtres.read.1.tlog
Y:\software\openvr\openvr-0.9.19\samples\BeingAnAtom\x64\Debug\link.6420-cvtres.write.1.tlog
Y:\software\openvr\openvr-0.9.19\samples\BeingAnAtom\x64\Debug\link.6420.read.1.tlog
Y:\software\openvr\openvr-0.9.19\samples\BeingAnAtom\x64\Debug\link.6420.write.1.tlog
Y:\software\openvr\openvr-0.9.19\samples\BeingAnAtom\x64\Debug\link.6068-rc.read.1.tlog
Y:\software\openvr\openvr-0.9.19\samples\BeingAnAtom\x64\Debug\link.6068-rc.write.1.tlog
Y:\software\openvr\openvr-0.9.19\samples\BeingAnAtom\x64\Debug\link.6068-cvtres.read.1.tlog
Y:\software\openvr\openvr-0.9.19\samples\BeingAnAtom\x64\Debug\link.6068-cvtres.write.1.tlog
Y:\software\openvr\openvr-0.9.19\samples\BeingAnAtom\x64\Debug\link.6068.read.1.tlog
Y:\software\openvr\openvr-0.9.19\samples\BeingAnAtom\x64\Debug\link.6068.write.1.tlog
Y:\software\openvr\openvr-0.9.19\samples\BeingAnAtom\x64\Debug\link.6512-rc.read.1.tlog
Y:\software\openvr\openvr-0.9.19\samples\BeingAnAtom\x64\Debug\link.6512-rc.write.1.tlog
Y:\software\openvr\openvr-0.9.19\samples\BeingAnAtom\x64\Debug\link.6512-cvtres.read.1.tlog
Y:\software\openvr\openvr-0.9.19\samples\BeingAnAtom\x64\Debug\link.6512-cvtres.write.1.tlog
Y:\software\openvr\openvr-0.9.19\samples\BeingAnAtom\x64\Debug\link.6512.read.1.tlog
Y:\software\openvr\openvr-0.9.19\samples\BeingAnAtom\x64\Debug\link.6512.write.1.tlog
Y:\software\openvr\openvr-0.9.19\samples\BeingAnAtom\x64\Debug\link.8552-rc.read.1.tlog
Y:\software\openvr\openvr-0.9.19\samples\BeingAnAtom\x64\Debug\link.8552-rc.write.1.tlog
Y:\software\openvr\openvr-0.9.19\samples\BeingAnAtom\x64\Debug\link.8552-cvtres.read.1.tlog
Y:\software\openvr\openvr-0.9.19\samples\BeingAnAtom\x64\Debug\link.8552-cvtres.write.1.tlog
Y:\software\openvr\openvr-0.9.19\samples\BeingAnAtom\x64\Debug\link.8552.read.1.tlog
Y:\software\openvr\openvr-0.9.19\samples\BeingAnAtom\x64\Debug\link.8552.write.1.tlog
Y:\software\openvr\openvr-0.9.19\samples\BeingAnAtom\x64\Debug\link.8792-rc.read.1.tlog
Y:\software\openvr\openvr-0.9.19\samples\BeingAnAtom\x64\Debug\link.8792-rc.write.1.tlog
Y:\software\openvr\openvr-0.9.19\samples\BeingAnAtom\x64\Debug\link.8792-cvtres.read.1.tlog
Y:\software\openvr\openvr-0.9.19\samples\BeingAnAtom\x64\Debug\link.8792-cvtres.write.1.tlog
Y:\software\openvr\openvr-0.9.19\samples\BeingAnAtom\x64\Debug\link.8792.read.1.tlog
Y:\software\openvr\openvr-0.9.19\samples\BeingAnAtom\x64\Debug\link.8792.write.1.tlog
Y:\software\openvr\openvr-0.9.19\samples\BeingAnAtom\x64\Debug\link.6780-rc.read.1.tlog
Y:\software\openvr\openvr-0.9.19\samples\BeingAnAtom\x64\Debug\link.6780-rc.write.1.tlog
Y:\software\openvr\openvr-0.9.19\samples\BeingAnAtom\x64\Debug\link.6780-cvtres.read.1.tlog
Y:\software\openvr\openvr-0.9.19\samples\BeingAnAtom\x64\Debug\link.6780-cvtres.write.1.tlog
Y:\software\openvr\openvr-0.9.19\samples\BeingAnAtom\x64\Debug\link.6780.read.1.tlog
Y:\software\openvr\openvr-0.9.19\samples\BeingAnAtom\x64\Debug\link.6780.write.1.tlog
Y:\software\openvr\openvr-0.9.19\samples\BeingAnAtom\x64\Debug\link.3772-rc.read.1.tlog
Y:\software\openvr\openvr-0.9.19\samples\BeingAnAtom\x64\Debug\link.3772-rc.write.1.tlog
Y:\software\openvr\openvr-0.9.19\samples\BeingAnAtom\x64\Debug\link.3772-cvtres.read.1.tlog
Y:\software\openvr\openvr-0.9.19\samples\BeingAnAtom\x64\Debug\link.3772-cvtres.write.1.tlog
Y:\software\openvr\openvr-0.9.19\samples\BeingAnAtom\x64\Debug\link.3772.read.1.tlog
Y:\software\openvr\openvr-0.9.19\samples\BeingAnAtom\x64\Debug\link.3772.write.1.tlog
Y:\software\openvr\openvr-0.9.19\samples\BeingAnAtom\x64\Debug\link.3884-rc.read.1.tlog
Y:\software\openvr\openvr-0.9.19\samples\BeingAnAtom\x64\Debug\link.3884-rc.write.1.tlog
Y:\software\openvr\openvr-0.9.19\samples\BeingAnAtom\x64\Debug\link.3884-cvtres.read.1.tlog
Y:\software\openvr\openvr-0.9.19\samples\BeingAnAtom\x64\Debug\link.3884-cvtres.write.1.tlog
Y:\software\openvr\openvr-0.9.19\samples\BeingAnAtom\x64\Debug\link.3884.read.1.tlog
Y:\software\openvr\openvr-0.9.19\samples\BeingAnAtom\x64\Debug\link.3884.write.1.tlog
Y:\software\openvr\openvr-0.9.19\samples\BeingAnAtom\x64\Debug\link.4592-rc.read.1.tlog
Y:\software\openvr\openvr-0.9.19\samples\BeingAnAtom\x64\Debug\link.4592-rc.write.1.tlog
Y:\software\openvr\openvr-0.9.19\samples\BeingAnAtom\x64\Debug\link.4592-cvtres.read.1.tlog
Y:\software\openvr\openvr-0.9.19\samples\BeingAnAtom\x64\Debug\link.4592-cvtres.write.1.tlog
Y:\software\openvr\openvr-0.9.19\samples\BeingAnAtom\x64\Debug\link.4592.read.1.tlog
Y:\software\openvr\openvr-0.9.19\samples\BeingAnAtom\x64\Debug\link.4592.write.1.tlog
Y:\software\openvr\openvr-0.9.19\samples\BeingAnAtom\x64\Debug\link.7920-rc.read.1.tlog
Y:\software\openvr\openvr-0.9.19\samples\BeingAnAtom\x64\Debug\link.7920-rc.write.1.tlog
Y:\software\openvr\openvr-0.9.19\samples\BeingAnAtom\x64\Debug\link.7920-cvtres.read.1.tlog
Y:\software\openvr\openvr-0.9.19\samples\BeingAnAtom\x64\Debug\link.7920-cvtres.write.1.tlog
Y:\software\openvr\openvr-0.9.19\samples\BeingAnAtom\x64\Debug\link.7920.read.1.tlog
Y:\software\openvr\openvr-0.9.19\samples\BeingAnAtom\x64\Debug\link.7920.write.1.tlog
Y:\software\openvr\openvr-0.9.19\samples\BeingAnAtom\x64\Debug\link.7340-rc.read.1.tlog
Y:\software\openvr\openvr-0.9.19\samples\BeingAnAtom\x64\Debug\link.7340-rc.write.1.tlog
Y:\software\openvr\openvr-0.9.19\samples\BeingAnAtom\x64\Debug\link.7340-cvtres.read.1.tlog
Y:\software\openvr\openvr-0.9.19\samples\BeingAnAtom\x64\Debug\link.7340-cvtres.write.1.tlog
Y:\software\openvr\openvr-0.9.19\samples\BeingAnAtom\x64\Debug\link.7340.read.1.tlog
Y:\software\openvr\openvr-0.9.19\samples\BeingAnAtom\x64\Debug\link.7340.write.1.tlog
Y:\software\openvr\openvr-0.9.19\samples\BeingAnAtom\x64\Debug\link.8020-rc.read.1.tlog
Y:\software\openvr\openvr-0.9.19\samples\BeingAnAtom\x64\Debug\link.8020-rc.write.1.tlog
Y:\software\openvr\openvr-0.9.19\samples\BeingAnAtom\x64\Debug\link.8020-cvtres.read.1.tlog
Y:\software\openvr\openvr-0.9.19\samples\BeingAnAtom\x64\Debug\link.8020-cvtres.write.1.tlog
Y:\software\openvr\openvr-0.9.19\samples\BeingAnAtom\x64\Debug\link.8020.read.1.tlog
Y:\software\openvr\openvr-0.9.19\samples\BeingAnAtom\x64\Debug\link.8020.write.1.tlog
Y:\software\openvr\openvr-0.9.19\samples\BeingAnAtom\x64\Debug\link.7796-rc.read.1.tlog
Y:\software\openvr\openvr-0.9.19\samples\BeingAnAtom\x64\Debug\link.7796-rc.write.1.tlog
Y:\software\openvr\openvr-0.9.19\samples\BeingAnAtom\x64\Debug\link.7796-cvtres.read.1.tlog
Y:\software\openvr\openvr-0.9.19\samples\BeingAnAtom\x64\Debug\link.7796-cvtres.write.1.tlog
Y:\software\openvr\openvr-0.9.19\samples\BeingAnAtom\x64\Debug\link.7796.read.1.tlog
Y:\software\openvr\openvr-0.9.19\samples\BeingAnAtom\x64\Debug\link.7796.write.1.tlog
Y:\software\openvr\openvr-0.9.19\samples\BeingAnAtom\x64\Debug\link.7968-rc.read.1.tlog
Y:\software\openvr\openvr-0.9.19\samples\BeingAnAtom\x64\Debug\link.7968-rc.write.1.tlog
Y:\software\openvr\openvr-0.9.19\samples\BeingAnAtom\x64\Debug\link.7968-cvtres.read.1.tlog
Y:\software\openvr\openvr-0.9.19\samples\BeingAnAtom\x64\Debug\link.7968-cvtres.write.1.tlog
Y:\software\openvr\openvr-0.9.19\samples\BeingAnAtom\x64\Debug\link.7968.read.1.tlog
Y:\software\openvr\openvr-0.9.19\samples\BeingAnAtom\x64\Debug\link.7968.write.1.tlog
Y:\software\openvr\openvr-0.9.19\samples\BeingAnAtom\x64\Debug\link.3992-rc.read.1.tlog
Y:\software\openvr\openvr-0.9.19\samples\BeingAnAtom\x64\Debug\link.3992-rc.write.1.tlog
Y:\software\openvr\openvr-0.9.19\samples\BeingAnAtom\x64\Debug\link.3992-cvtres.read.1.tlog
Y:\software\openvr\openvr-0.9.19\samples\BeingAnAtom\x64\Debug\link.3992-cvtres.write.1.tlog
Y:\software\openvr\openvr-0.9.19\samples\BeingAnAtom\x64\Debug\link.3992.read.1.tlog
Y:\software\openvr\openvr-0.9.19\samples\BeingAnAtom\x64\Debug\link.3992.write.1.tlog
Y:\software\openvr\openvr-0.9.19\samples\BeingAnAtom\x64\Debug\link.7216-rc.read.1.tlog
Y:\software\openvr\openvr-0.9.19\samples\BeingAnAtom\x64\Debug\link.7216-rc.write.1.tlog
Y:\software\openvr\openvr-0.9.19\samples\BeingAnAtom\x64\Debug\link.7216-cvtres.read.1.tlog
Y:\software\openvr\openvr-0.9.19\samples\BeingAnAtom\x64\Debug\link.7216-cvtres.write.1.tlog
Y:\software\openvr\openvr-0.9.19\samples\BeingAnAtom\x64\Debug\link.7216.read.1.tlog
Y:\software\openvr\openvr-0.9.19\samples\BeingAnAtom\x64\Debug\link.7216.write.1.tlog
Y:\software\openvr\openvr-0.9.19\samples\BeingAnAtom\x64\Debug\link.6588-rc.read.1.tlog
Y:\software\openvr\openvr-0.9.19\samples\BeingAnAtom\x64\Debug\link.6588-rc.write.1.tlog
Y:\software\openvr\openvr-0.9.19\samples\BeingAnAtom\x64\Debug\link.6588-cvtres.read.1.tlog
Y:\software\openvr\openvr-0.9.19\samples\BeingAnAtom\x64\Debug\link.6588-cvtres.write.1.tlog
Y:\software\openvr\openvr-0.9.19\samples\BeingAnAtom\x64\Debug\link.6588.read.1.tlog
Y:\software\openvr\openvr-0.9.19\samples\BeingAnAtom\x64\Debug\link.6588.write.1.tlog
Y:\software\openvr\openvr-0.9.19\samples\BeingAnAtom\x64\Debug\link.6000-rc.read.1.tlog
Y:\software\openvr\openvr-0.9.19\samples\BeingAnAtom\x64\Debug\link.6000-rc.write.1.tlog
Y:\software\openvr\openvr-0.9.19\samples\BeingAnAtom\x64\Debug\link.6000-cvtres.read.1.tlog
Y:\software\openvr\openvr-0.9.19\samples\BeingAnAtom\x64\Debug\link.6000-cvtres.write.1.tlog
Y:\software\openvr\openvr-0.9.19\samples\BeingAnAtom\x64\Debug\link.6000.read.1.tlog
Y:\software\openvr\openvr-0.9.19\samples\BeingAnAtom\x64\Debug\link.6000.write.1.tlog
Y:\software\openvr\openvr-0.9.19\samples\BeingAnAtom\x64\Debug\link.6708-rc.read.1.tlog
Y:\software\openvr\openvr-0.9.19\samples\BeingAnAtom\x64\Debug\link.6708-rc.write.1.tlog
Y:\software\openvr\openvr-0.9.19\samples\BeingAnAtom\x64\Debug\link.6708-cvtres.read.1.tlog
Y:\software\openvr\openvr-0.9.19\samples\BeingAnAtom\x64\Debug\link.6708-cvtres.write.1.tlog
Y:\software\openvr\openvr-0.9.19\samples\BeingAnAtom\x64\Debug\link.6708.read.1.tlog
Y:\software\openvr\openvr-0.9.19\samples\BeingAnAtom\x64\Debug\link.6708.write.1.tlog
Y:\software\openvr\openvr-0.9.19\samples\BeingAnAtom\x64\Debug\link.6100-rc.read.1.tlog
Y:\software\openvr\openvr-0.9.19\samples\BeingAnAtom\x64\Debug\link.6100-rc.write.1.tlog
Y:\software\openvr\openvr-0.9.19\samples\BeingAnAtom\x64\Debug\link.6100-cvtres.read.1.tlog
Y:\software\openvr\openvr-0.9.19\samples\BeingAnAtom\x64\Debug\link.6100-cvtres.write.1.tlog
Y:\software\openvr\openvr-0.9.19\samples\BeingAnAtom\x64\Debug\link.6100.read.1.tlog
Y:\software\openvr\openvr-0.9.19\samples\BeingAnAtom\x64\Debug\link.6100.write.1.tlog
Y:\software\openvr\openvr-0.9.19\samples\BeingAnAtom\x64\Debug\link.2196-rc.read.1.tlog
Y:\software\openvr\openvr-0.9.19\samples\BeingAnAtom\x64\Debug\link.2196-rc.write.1.tlog
Y:\software\openvr\openvr-0.9.19\samples\BeingAnAtom\x64\Debug\link.2196-cvtres.read.1.tlog
Y:\software\openvr\openvr-0.9.19\samples\BeingAnAtom\x64\Debug\link.2196-cvtres.write.1.tlog
Y:\software\openvr\openvr-0.9.19\samples\BeingAnAtom\x64\Debug\link.2196.read.1.tlog
Y:\software\openvr\openvr-0.9.19\samples\BeingAnAtom\x64\Debug\link.2196.write.1.tlog
Y:\software\openvr\openvr-0.9.19\samples\BeingAnAtom\x64\Debug\link.9168-rc.read.1.tlog
Y:\software\openvr\openvr-0.9.19\samples\BeingAnAtom\x64\Debug\link.9168-rc.write.1.tlog
Y:\software\openvr\openvr-0.9.19\samples\BeingAnAtom\x64\Debug\link.9168-cvtres.read.1.tlog
Y:\software\openvr\openvr-0.9.19\samples\BeingAnAtom\x64\Debug\link.9168-cvtres.write.1.tlog
Y:\software\openvr\openvr-0.9.19\samples\BeingAnAtom\x64\Debug\link.9168.read.1.tlog
Y:\software\openvr\openvr-0.9.19\samples\BeingAnAtom\x64\Debug\link.9168.write.1.tlog
Y:\software\openvr\openvr-0.9.19\samples\BeingAnAtom\x64\Debug\link.8616-rc.read.1.tlog
Y:\software\openvr\openvr-0.9.19\samples\BeingAnAtom\x64\Debug\link.8616-rc.write.1.tlog
Y:\software\openvr\openvr-0.9.19\samples\BeingAnAtom\x64\Debug\link.8616-cvtres.read.1.tlog
Y:\software\openvr\openvr-0.9.19\samples\BeingAnAtom\x64\Debug\link.8616-cvtres.write.1.tlog
Y:\software\openvr\openvr-0.9.19\samples\BeingAnAtom\x64\Debug\link.8616.read.1.tlog
Y:\software\openvr\openvr-0.9.19\samples\BeingAnAtom\x64\Debug\link.8616.write.1.tlog
Y:\software\openvr\openvr-0.9.19\samples\BeingAnAtom\x64\Debug\link.7700-rc.read.1.tlog
Y:\software\openvr\openvr-0.9.19\samples\BeingAnAtom\x64\Debug\link.7700-rc.write.1.tlog
Y:\software\openvr\openvr-0.9.19\samples\BeingAnAtom\x64\Debug\link.7700-cvtres.read.1.tlog
Y:\software\openvr\openvr-0.9.19\samples\BeingAnAtom\x64\Debug\link.7700-cvtres.write.1.tlog
Y:\software\openvr\openvr-0.9.19\samples\BeingAnAtom\x64\Debug\link.7700.read.1.tlog
Y:\software\openvr\openvr-0.9.19\samples\BeingAnAtom\x64\Debug\link.7700.write.1.tlog
Y:\software\openvr\openvr-0.9.19\samples\BeingAnAtom\x64\Debug\link.8276-rc.read.1.tlog
Y:\software\openvr\openvr-0.9.19\samples\BeingAnAtom\x64\Debug\link.8276-rc.write.1.tlog
Y:\software\openvr\openvr-0.9.19\samples\BeingAnAtom\x64\Debug\link.8276-cvtres.read.1.tlog
Y:\software\openvr\openvr-0.9.19\samples\BeingAnAtom\x64\Debug\link.8276-cvtres.write.1.tlog
Y:\software\openvr\openvr-0.9.19\samples\BeingAnAtom\x64\Debug\link.8276.read.1.tlog
Y:\software\openvr\openvr-0.9.19\samples\BeingAnAtom\x64\Debug\link.8276.write.1.tlog
Y:\software\openvr\openvr-0.9.19\samples\BeingAnAtom\x64\Debug\link.7412-rc.read.1.tlog
Y:\software\openvr\openvr-0.9.19\samples\BeingAnAtom\x64\Debug\link.7412-rc.write.1.tlog
Y:\software\openvr\openvr-0.9.19\samples\BeingAnAtom\x64\Debug\link.7412-cvtres.read.1.tlog
Y:\software\openvr\openvr-0.9.19\samples\BeingAnAtom\x64\Debug\link.7412-cvtres.write.1.tlog
Y:\software\openvr\openvr-0.9.19\samples\BeingAnAtom\x64\Debug\link.7412.read.1.tlog
Y:\software\openvr\openvr-0.9.19\samples\BeingAnAtom\x64\Debug\link.7412.write.1.tlog
Y:\software\openvr\openvr-0.9.19\samples\BeingAnAtom\x64\Debug\link.9208-rc.read.1.tlog
Y:\software\openvr\openvr-0.9.19\samples\BeingAnAtom\x64\Debug\link.9208-rc.write.1.tlog
Y:\software\openvr\openvr-0.9.19\samples\BeingAnAtom\x64\Debug\link.9208-cvtres.read.1.tlog
Y:\software\openvr\openvr-0.9.19\samples\BeingAnAtom\x64\Debug\link.9208-cvtres.write.1.tlog
Y:\software\openvr\openvr-0.9.19\samples\BeingAnAtom\x64\Debug\link.9208.read.1.tlog
Y:\software\openvr\openvr-0.9.19\samples\BeingAnAtom\x64\Debug\link.9208.write.1.tlog
Y:\software\openvr\openvr-0.9.19\samples\BeingAnAtom\x64\Debug\link.6572-rc.read.1.tlog
Y:\software\openvr\openvr-0.9.19\samples\BeingAnAtom\x64\Debug\link.6572-rc.write.1.tlog
Y:\software\openvr\openvr-0.9.19\samples\BeingAnAtom\x64\Debug\link.6572-cvtres.read.1.tlog
Y:\software\openvr\openvr-0.9.19\samples\BeingAnAtom\x64\Debug\link.6572-cvtres.write.1.tlog
Y:\software\openvr\openvr-0.9.19\samples\BeingAnAtom\x64\Debug\link.6572.read.1.tlog
Y:\software\openvr\openvr-0.9.19\samples\BeingAnAtom\x64\Debug\link.6572.write.1.tlog
Y:\software\openvr\openvr-0.9.19\samples\BeingAnAtom\x64\Debug\link.8492-rc.read.1.tlog
Y:\software\openvr\openvr-0.9.19\samples\BeingAnAtom\x64\Debug\link.8492-rc.write.1.tlog
Y:\software\openvr\openvr-0.9.19\samples\BeingAnAtom\x64\Debug\link.8492-cvtres.read.1.tlog
Y:\software\openvr\openvr-0.9.19\samples\BeingAnAtom\x64\Debug\link.8492-cvtres.write.1.tlog
Y:\software\openvr\openvr-0.9.19\samples\BeingAnAtom\x64\Debug\link.8492.read.1.tlog
Y:\software\openvr\openvr-0.9.19\samples\BeingAnAtom\x64\Debug\link.8492.write.1.tlog
Y:\software\openvr\openvr-0.9.19\samples\BeingAnAtom\x64\Debug\link.7848-rc.read.1.tlog
Y:\software\openvr\openvr-0.9.19\samples\BeingAnAtom\x64\Debug\link.7848-rc.write.1.tlog
Y:\software\openvr\openvr-0.9.19\samples\BeingAnAtom\x64\Debug\link.7848-cvtres.read.1.tlog
Y:\software\openvr\openvr-0.9.19\samples\BeingAnAtom\x64\Debug\link.7848-cvtres.write.1.tlog
Y:\software\openvr\openvr-0.9.19\samples\BeingAnAtom\x64\Debug\link.7848.read.1.tlog
Y:\software\openvr\openvr-0.9.19\samples\BeingAnAtom\x64\Debug\link.7848.write.1.tlog
Y:\software\openvr\openvr-0.9.19\samples\BeingAnAtom\x64\Debug\link.9068-rc.read.1.tlog
Y:\software\openvr\openvr-0.9.19\samples\BeingAnAtom\x64\Debug\link.9068-rc.write.1.tlog
Y:\software\openvr\openvr-0.9.19\samples\BeingAnAtom\x64\Debug\link.9068-cvtres.read.1.tlog
Y:\software\openvr\openvr-0.9.19\samples\BeingAnAtom\x64\Debug\link.9068-cvtres.write.1.tlog
Y:\software\openvr\openvr-0.9.19\samples\BeingAnAtom\x64\Debug\link.9068.read.1.tlog
Y:\software\openvr\openvr-0.9.19\samples\BeingAnAtom\x64\Debug\link.9068.write.1.tlog
Y:\software\openvr\openvr-0.9.19\samples\BeingAnAtom\x64\Debug\link.8024-rc.read.1.tlog
Y:\software\openvr\openvr-0.9.19\samples\BeingAnAtom\x64\Debug\link.8024-rc.write.1.tlog
Y:\software\openvr\openvr-0.9.19\samples\BeingAnAtom\x64\Debug\link.8024-cvtres.read.1.tlog
Y:\software\openvr\openvr-0.9.19\samples\BeingAnAtom\x64\Debug\link.8024-cvtres.write.1.tlog
Y:\software\openvr\openvr-0.9.19\samples\BeingAnAtom\x64\Debug\link.8024.read.1.tlog
Y:\software\openvr\openvr-0.9.19\samples\BeingAnAtom\x64\Debug\link.8024.write.1.tlog
Y:\software\openvr\openvr-0.9.19\samples\BeingAnAtom\x64\Debug\link.5248-rc.read.1.tlog
Y:\software\openvr\openvr-0.9.19\samples\BeingAnAtom\x64\Debug\link.5248-rc.write.1.tlog
Y:\software\openvr\openvr-0.9.19\samples\BeingAnAtom\x64\Debug\link.5248-cvtres.read.1.tlog
Y:\software\openvr\openvr-0.9.19\samples\BeingAnAtom\x64\Debug\link.5248-cvtres.write.1.tlog
Y:\software\openvr\openvr-0.9.19\samples\BeingAnAtom\x64\Debug\link.5248.read.1.tlog
Y:\software\openvr\openvr-0.9.19\samples\BeingAnAtom\x64\Debug\link.5248.write.1.tlog
Y:\software\openvr\openvr-0.9.19\samples\BeingAnAtom\x64\Debug\link.8160-rc.read.1.tlog
Y:\software\openvr\openvr-0.9.19\samples\BeingAnAtom\x64\Debug\link.8160-rc.write.1.tlog
Y:\software\openvr\openvr-0.9.19\samples\BeingAnAtom\x64\Debug\link.8160-cvtres.read.1.tlog
Y:\software\openvr\openvr-0.9.19\samples\BeingAnAtom\x64\Debug\link.8160-cvtres.write.1.tlog
Y:\software\openvr\openvr-0.9.19\samples\BeingAnAtom\x64\Debug\link.8160.read.1.tlog
Y:\software\openvr\openvr-0.9.19\samples\BeingAnAtom\x64\Debug\link.8160.write.1.tlog
Y:\software\openvr\openvr-0.9.19\samples\BeingAnAtom\x64\Debug\link.7752-rc.read.1.tlog
Y:\software\openvr\openvr-0.9.19\samples\BeingAnAtom\x64\Debug\link.7752-rc.write.1.tlog
Y:\software\openvr\openvr-0.9.19\samples\BeingAnAtom\x64\Debug\link.7752-cvtres.read.1.tlog
Y:\software\openvr\openvr-0.9.19\samples\BeingAnAtom\x64\Debug\link.7752-cvtres.write.1.tlog
Y:\software\openvr\openvr-0.9.19\samples\BeingAnAtom\x64\Debug\link.7752.read.1.tlog
Y:\software\openvr\openvr-0.9.19\samples\BeingAnAtom\x64\Debug\link.7752.write.1.tlog
Y:\software\openvr\openvr-0.9.19\samples\BeingAnAtom\x64\Debug\link.8352-rc.read.1.tlog
Y:\software\openvr\openvr-0.9.19\samples\BeingAnAtom\x64\Debug\link.8352-rc.write.1.tlog
Y:\software\openvr\openvr-0.9.19\samples\BeingAnAtom\x64\Debug\link.8352-cvtres.read.1.tlog
Y:\software\openvr\openvr-0.9.19\samples\BeingAnAtom\x64\Debug\link.8352-cvtres.write.1.tlog
Y:\software\openvr\openvr-0.9.19\samples\BeingAnAtom\x64\Debug\link.8352.read.1.tlog
Y:\software\openvr\openvr-0.9.19\samples\BeingAnAtom\x64\Debug\link.8352.write.1.tlog
Y:\software\openvr\openvr-0.9.19\samples\BeingAnAtom\x64\Debug\link.6788-rc.read.1.tlog
Y:\software\openvr\openvr-0.9.19\samples\BeingAnAtom\x64\Debug\link.6788-rc.write.1.tlog
Y:\software\openvr\openvr-0.9.19\samples\BeingAnAtom\x64\Debug\link.6788-cvtres.read.1.tlog
Y:\software\openvr\openvr-0.9.19\samples\BeingAnAtom\x64\Debug\link.6788-cvtres.write.1.tlog
Y:\software\openvr\openvr-0.9.19\samples\BeingAnAtom\x64\Debug\link.6788.read.1.tlog
Y:\software\openvr\openvr-0.9.19\samples\BeingAnAtom\x64\Debug\link.6788.write.1.tlog
Y:\software\openvr\openvr-0.9.19\samples\BeingAnAtom\x64\Debug\link.8508-rc.read.1.tlog
Y:\software\openvr\openvr-0.9.19\samples\BeingAnAtom\x64\Debug\link.8508-rc.write.1.tlog
Y:\software\openvr\openvr-0.9.19\samples\BeingAnAtom\x64\Debug\link.8508-cvtres.read.1.tlog
Y:\software\openvr\openvr-0.9.19\samples\BeingAnAtom\x64\Debug\link.8508-cvtres.write.1.tlog
Y:\software\openvr\openvr-0.9.19\samples\BeingAnAtom\x64\Debug\link.8508.read.1.tlog
Y:\software\openvr\openvr-0.9.19\samples\BeingAnAtom\x64\Debug\link.8508.write.1.tlog
Y:\software\openvr\openvr-0.9.19\samples\BeingAnAtom\x64\Debug\link.3556-rc.read.1.tlog
Y:\software\openvr\openvr-0.9.19\samples\BeingAnAtom\x64\Debug\link.3556-rc.write.1.tlog
Y:\software\openvr\openvr-0.9.19\samples\BeingAnAtom\x64\Debug\link.3556-cvtres.read.1.tlog
Y:\software\openvr\openvr-0.9.19\samples\BeingAnAtom\x64\Debug\link.3556-cvtres.write.1.tlog
Y:\software\openvr\openvr-0.9.19\samples\BeingAnAtom\x64\Debug\link.3556.read.1.tlog
Y:\software\openvr\openvr-0.9.19\samples\BeingAnAtom\x64\Debug\link.3556.write.1.tlog
Y:\software\openvr\openvr-0.9.19\samples\BeingAnAtom\x64\Debug\link.7076-rc.read.1.tlog
Y:\software\openvr\openvr-0.9.19\samples\BeingAnAtom\x64\Debug\link.7076-rc.write.1.tlog
Y:\software\openvr\openvr-0.9.19\samples\BeingAnAtom\x64\Debug\link.7076-cvtres.read.1.tlog
Y:\software\openvr\openvr-0.9.19\samples\BeingAnAtom\x64\Debug\link.7076-cvtres.write.1.tlog
Y:\software\openvr\openvr-0.9.19\samples\BeingAnAtom\x64\Debug\link.7076.read.1.tlog
Y:\software\openvr\openvr-0.9.19\samples\BeingAnAtom\x64\Debug\link.7076.write.1.tlog
Y:\software\openvr\openvr-0.9.19\samples\BeingAnAtom\x64\Debug\link.4480-rc.read.1.tlog
Y:\software\openvr\openvr-0.9.19\samples\BeingAnAtom\x64\Debug\link.4480-rc.write.1.tlog
Y:\software\openvr\openvr-0.9.19\samples\BeingAnAtom\x64\Debug\link.4480-cvtres.read.1.tlog
Y:\software\openvr\openvr-0.9.19\samples\BeingAnAtom\x64\Debug\link.4480-cvtres.write.1.tlog
Y:\software\openvr\openvr-0.9.19\samples\BeingAnAtom\x64\Debug\link.4480.read.1.tlog
Y:\software\openvr\openvr-0.9.19\samples\BeingAnAtom\x64\Debug\link.4480.write.1.tlog
Y:\software\openvr\openvr-0.9.19\samples\BeingAnAtom\x64\Debug\link.8556-rc.read.1.tlog
Y:\software\openvr\openvr-0.9.19\samples\BeingAnAtom\x64\Debug\link.8556-rc.write.1.tlog
Y:\software\openvr\openvr-0.9.19\samples\BeingAnAtom\x64\Debug\link.8556-cvtres.read.1.tlog
Y:\software\openvr\openvr-0.9.19\samples\BeingAnAtom\x64\Debug\link.8556-cvtres.write.1.tlog
Y:\software\openvr\openvr-0.9.19\samples\BeingAnAtom\x64\Debug\link.8556.read.1.tlog
Y:\software\openvr\openvr-0.9.19\samples\BeingAnAtom\x64\Debug\link.8556.write.1.tlog
Y:\software\openvr\openvr-0.9.19\samples\BeingAnAtom\x64\Debug\link.1192-rc.read.1.tlog
Y:\software\openvr\openvr-0.9.19\samples\BeingAnAtom\x64\Debug\link.1192-rc.write.1.tlog
Y:\software\openvr\openvr-0.9.19\samples\BeingAnAtom\x64\Debug\link.1192-cvtres.read.1.tlog
Y:\software\openvr\openvr-0.9.19\samples\BeingAnAtom\x64\Debug\link.1192-cvtres.write.1.tlog
Y:\software\openvr\openvr-0.9.19\samples\BeingAnAtom\x64\Debug\link.1192.read.1.tlog
Y:\software\openvr\openvr-0.9.19\samples\BeingAnAtom\x64\Debug\link.1192.write.1.tlog
Y:\software\openvr\openvr-0.9.19\samples\BeingAnAtom\x64\Debug\link.8716-rc.read.1.tlog
Y:\software\openvr\openvr-0.9.19\samples\BeingAnAtom\x64\Debug\link.8716-rc.write.1.tlog
Y:\software\openvr\openvr-0.9.19\samples\BeingAnAtom\x64\Debug\link.8716-cvtres.read.1.tlog
Y:\software\openvr\openvr-0.9.19\samples\BeingAnAtom\x64\Debug\link.8716-cvtres.write.1.tlog
Y:\software\openvr\openvr-0.9.19\samples\BeingAnAtom\x64\Debug\link.8716.read.1.tlog
Y:\software\openvr\openvr-0.9.19\samples\BeingAnAtom\x64\Debug\link.8716.write.1.tlog
Y:\software\openvr\openvr-0.9.19\samples\BeingAnAtom\x64\Debug\link.5696-rc.read.1.tlog
Y:\software\openvr\openvr-0.9.19\samples\BeingAnAtom\x64\Debug\link.5696-rc.write.1.tlog
Y:\software\openvr\openvr-0.9.19\samples\BeingAnAtom\x64\Debug\link.5696-cvtres.read.1.tlog
Y:\software\openvr\openvr-0.9.19\samples\BeingAnAtom\x64\Debug\link.5696-cvtres.write.1.tlog
Y:\software\openvr\openvr-0.9.19\samples\BeingAnAtom\x64\Debug\link.5696.read.1.tlog
Y:\software\openvr\openvr-0.9.19\samples\BeingAnAtom\x64\Debug\link.5696.write.1.tlog
Y:\software\openvr\openvr-0.9.19\samples\BeingAnAtom\x64\Debug\link.3996-rc.read.1.tlog
Y:\software\openvr\openvr-0.9.19\samples\BeingAnAtom\x64\Debug\link.3996-rc.write.1.tlog
Y:\software\openvr\openvr-0.9.19\samples\BeingAnAtom\x64\Debug\link.3996-cvtres.read.1.tlog
Y:\software\openvr\openvr-0.9.19\samples\BeingAnAtom\x64\Debug\link.3996-cvtres.write.1.tlog
Y:\software\openvr\openvr-0.9.19\samples\BeingAnAtom\x64\Debug\link.3996.read.1.tlog
Y:\software\openvr\openvr-0.9.19\samples\BeingAnAtom\x64\Debug\link.3996.write.1.tlog
Y:\software\openvr\openvr-0.9.19\samples\BeingAnAtom\x64\Debug\link.8284-rc.read.1.tlog
Y:\software\openvr\openvr-0.9.19\samples\BeingAnAtom\x64\Debug\link.8284-rc.write.1.tlog
Y:\software\openvr\openvr-0.9.19\samples\BeingAnAtom\x64\Debug\link.8284-cvtres.read.1.tlog
Y:\software\openvr\openvr-0.9.19\samples\BeingAnAtom\x64\Debug\link.8284-cvtres.write.1.tlog
Y:\software\openvr\openvr-0.9.19\samples\BeingAnAtom\x64\Debug\link.8284.read.1.tlog
Y:\software\openvr\openvr-0.9.19\samples\BeingAnAtom\x64\Debug\link.8284.write.1.tlog
Y:\software\openvr\openvr-0.9.19\samples\BeingAnAtom\x64\Debug\link.5672-rc.read.1.tlog
Y:\software\openvr\openvr-0.9.19\samples\BeingAnAtom\x64\Debug\link.5672-rc.write.1.tlog
Y:\software\openvr\openvr-0.9.19\samples\BeingAnAtom\x64\Debug\link.5672-cvtres.read.1.tlog
Y:\software\openvr\openvr-0.9.19\samples\BeingAnAtom\x64\Debug\link.5672-cvtres.write.1.tlog
Y:\software\openvr\openvr-0.9.19\samples\BeingAnAtom\x64\Debug\link.5672.read.1.tlog
Y:\software\openvr\openvr-0.9.19\samples\BeingAnAtom\x64\Debug\link.5672.write.1.tlog
Y:\software\openvr\openvr-0.9.19\samples\BeingAnAtom\x64\Debug\NOMADViveT.res
Y:\software\openvr\openvr-0.9.19\samples\BeingAnAtom\x64\Debug\vc110.idb
Y:\software\openvr\openvr-0.9.19\samples\BeingAnAtom\x64\Debug\vc110.pdb
Y:\software\openvr\openvr-0.9.19\samples\BeingAnAtom\..\bin\NOMADViveT.pdb
Y:\software\openvr\openvr-0.9.19\samples\BeingAnAtom\..\bin\NOMADViveT.exe
