Y:\SOFTWARE\OPENVR\OPENVR-0.9.19\SAMPLES\TIMESTEPDATA\X64\RELEASE\UNITCELLSHADERS.OBJ
Y:\SOFTWARE\OPENVR\OPENVR-0.9.19\SAMPLES\TIMESTEPDATA\X64\RELEASE\TESSSHADERS.OBJ
Y:\SOFTWARE\OPENVR\OPENVR-0.9.19\SAMPLES\TIMESTEPDATA\X64\RELEASE\POLYHEDRON.OBJ
Y:\SOFTWARE\OPENVR\OPENVR-0.9.19\SAMPLES\TIMESTEPDATA\X64\RELEASE\MARKERSHADERS.OBJ
Y:\SOFTWARE\OPENVR\OPENVR-0.9.19\SAMPLES\TIMESTEPDATA\X64\RELEASE\ISOSURFACESGL.OBJ
Y:\SOFTWARE\OPENVR\OPENVR-0.9.19\SAMPLES\TIMESTEPDATA\X64\RELEASE\ISOSHADERS.OBJ
Y:\SOFTWARE\OPENVR\OPENVR-0.9.19\SAMPLES\TIMESTEPDATA\X64\RELEASE\GRID.OBJ
Y:\SOFTWARE\OPENVR\OPENVR-0.9.19\SAMPLES\TIMESTEPDATA\X64\RELEASE\CONFIGFILE.OBJ
Y:\SOFTWARE\OPENVR\OPENVR-0.9.19\SAMPLES\TIMESTEPDATA\X64\RELEASE\COMPILEGLSHADER.OBJ
Y:\SOFTWARE\OPENVR\OPENVR-0.9.19\SAMPLES\TIMESTEPDATA\X64\RELEASE\ATOMSGL.OBJ
Y:\SOFTWARE\OPENVR\OPENVR-0.9.19\SAMPLES\TIMESTEPDATA\X64\RELEASE\ATOMS.OBJ
Y:\SOFTWARE\OPENVR\OPENVR-0.9.19\SAMPLES\TIMESTEPDATA\X64\RELEASE\HELLOVR_OPENGL_MAIN.OBJ
Y:\SOFTWARE\OPENVR\OPENVR-0.9.19\SAMPLES\TIMESTEPDATA\X64\RELEASE\HAPPYHTTP.OBJ
Y:\SOFTWARE\OPENVR\OPENVR-0.9.19\SAMPLES\TIMESTEPDATA\X64\RELEASE\PATHTOOLS.OBJ
Y:\SOFTWARE\OPENVR\OPENVR-0.9.19\SAMPLES\TIMESTEPDATA\X64\RELEASE\MATRICES.OBJ
Y:\SOFTWARE\OPENVR\OPENVR-0.9.19\SAMPLES\TIMESTEPDATA\X64\RELEASE\LODEPNG.OBJ
Y:\SOFTWARE\OPENVR\OPENVR-0.9.19\SAMPLES\TIMESTEPDATA\X64\RELEASE\VC110.PDB
Y:\SOFTWARE\OPENVR\OPENVR-0.9.19\SAMPLES\TIMESTEPDATA\X64\RELEASE\RPLY.OBJ
Y:\SOFTWARE\OPENVR\OPENVR-0.9.19\SAMPLES\TIMESTEPDATA\X64\RELEASE\HSV.OBJ
Y:\SOFTWARE\OPENVR\OPENVR-0.9.19\SAMPLES\BEINGANATOM\X64\RELEASE\UNITCELLSHADERS.OBJ
Y:\SOFTWARE\OPENVR\OPENVR-0.9.19\SAMPLES\BEINGANATOM\X64\RELEASE\TESSSHADERS.OBJ
Y:\SOFTWARE\OPENVR\OPENVR-0.9.19\SAMPLES\BEINGANATOM\X64\RELEASE\POLYHEDRON.OBJ
Y:\SOFTWARE\OPENVR\OPENVR-0.9.19\SAMPLES\BEINGANATOM\X64\RELEASE\MARKERSHADERS.OBJ
Y:\SOFTWARE\OPENVR\OPENVR-0.9.19\SAMPLES\BEINGANATOM\X64\RELEASE\ISOSURFACESGL.OBJ
Y:\SOFTWARE\OPENVR\OPENVR-0.9.19\SAMPLES\BEINGANATOM\X64\RELEASE\ISOSHADERS.OBJ
Y:\SOFTWARE\OPENVR\OPENVR-0.9.19\SAMPLES\BEINGANATOM\X64\RELEASE\GRID.OBJ
Y:\SOFTWARE\OPENVR\OPENVR-0.9.19\SAMPLES\BEINGANATOM\X64\RELEASE\CONFIGFILE.OBJ
Y:\SOFTWARE\OPENVR\OPENVR-0.9.19\SAMPLES\BEINGANATOM\X64\RELEASE\COMPILEGLSHADER.OBJ
Y:\SOFTWARE\OPENVR\OPENVR-0.9.19\SAMPLES\BEINGANATOM\X64\RELEASE\ATOMSGL.OBJ
Y:\SOFTWARE\OPENVR\OPENVR-0.9.19\SAMPLES\BEINGANATOM\X64\RELEASE\ATOMS.OBJ
Y:\SOFTWARE\OPENVR\OPENVR-0.9.19\SAMPLES\BEINGANATOM\X64\RELEASE\HAPPYHTTP.OBJ
Y:\SOFTWARE\OPENVR\OPENVR-0.9.19\SAMPLES\BEINGANATOM\X64\RELEASE\RPLY.OBJ
Y:\SOFTWARE\OPENVR\OPENVR-0.9.19\SAMPLES\BEINGANATOM\X64\RELEASE\HSV.OBJ
Y:\SOFTWARE\OPENVR\OPENVR-0.9.19\SAMPLES\BEINGANATOM\X64\RELEASE\VC110.PDB
Y:\SOFTWARE\OPENVR\OPENVR-0.9.19\SAMPLES\BEINGANATOM\X64\RELEASE\MWP.OBJ
Y:\SOFTWARE\OPENVR\OPENVR-0.9.19\SAMPLES\BEINGANATOM\X64\RELEASE\HELLOVR_OPENGL_MAIN.OBJ
Y:\SOFTWARE\OPENVR\OPENVR-0.9.19\SAMPLES\BEINGANATOM\X64\RELEASE\DRAWVECTORS.OBJ
Y:\SOFTWARE\OPENVR\OPENVR-0.9.19\SAMPLES\TIMESTEPDATA\X64\RELEASE\NOMADVIVET.RES
Y:\SOFTWARE\OPENVR\OPENVR-0.9.19\SAMPLES\BEINGANATOM\X64\RELEASE\NOMADVIVET.RES
Y:\SOFTWARE\OPENVR\OPENVR-0.9.19\SAMPLES\BIN\NOMADVIVET.EXE
Y:\SOFTWARE\OPENVR\OPENVR-0.9.19\SAMPLES\BIN\NOMADVIVET.PDB
Y:\software\openvr\openvr-0.9.19\samples\BeingAnAtom\x64\Release\UnitCellShaders.obj
Y:\software\openvr\openvr-0.9.19\samples\BeingAnAtom\x64\Release\TessShaders.obj
Y:\software\openvr\openvr-0.9.19\samples\BeingAnAtom\x64\Release\polyhedron.obj
Y:\software\openvr\openvr-0.9.19\samples\BeingAnAtom\x64\Release\markerShaders.obj
Y:\software\openvr\openvr-0.9.19\samples\BeingAnAtom\x64\Release\IsosurfacesGL.obj
Y:\software\openvr\openvr-0.9.19\samples\BeingAnAtom\x64\Release\IsoShaders.obj
Y:\software\openvr\openvr-0.9.19\samples\BeingAnAtom\x64\Release\Grid.obj
Y:\software\openvr\openvr-0.9.19\samples\BeingAnAtom\x64\Release\ConfigFile.obj
Y:\software\openvr\openvr-0.9.19\samples\BeingAnAtom\x64\Release\CompileGLShader.obj
Y:\software\openvr\openvr-0.9.19\samples\BeingAnAtom\x64\Release\atomsGL.obj
Y:\software\openvr\openvr-0.9.19\samples\BeingAnAtom\x64\Release\atoms.obj
Y:\software\openvr\openvr-0.9.19\samples\BeingAnAtom\x64\Release\hellovr_opengl_main.obj
Y:\software\openvr\openvr-0.9.19\samples\BeingAnAtom\x64\Release\happyhttp.obj
Y:\software\openvr\openvr-0.9.19\samples\BeingAnAtom\x64\Release\pathtools.obj
Y:\software\openvr\openvr-0.9.19\samples\BeingAnAtom\x64\Release\Matrices.obj
Y:\software\openvr\openvr-0.9.19\samples\BeingAnAtom\x64\Release\lodepng.obj
Y:\software\openvr\openvr-0.9.19\samples\BeingAnAtom\x64\Release\rply.obj
Y:\software\openvr\openvr-0.9.19\samples\BeingAnAtom\x64\Release\hsv.obj
Y:\software\openvr\openvr-0.9.19\samples\BeingAnAtom\x64\Release\mwP.obj
Y:\software\openvr\openvr-0.9.19\samples\BeingAnAtom\x64\Release\drawVectors.obj
Y:\software\openvr\openvr-0.9.19\samples\BeingAnAtom\x64\Release\CL.read.1.tlog
Y:\software\openvr\openvr-0.9.19\samples\BeingAnAtom\x64\Release\CL.write.1.tlog
Y:\software\openvr\openvr-0.9.19\samples\BeingAnAtom\x64\Release\cl.command.1.tlog
Y:\software\openvr\openvr-0.9.19\samples\BeingAnAtom\x64\Release\rc.read.1.tlog
Y:\software\openvr\openvr-0.9.19\samples\BeingAnAtom\x64\Release\rc.write.1.tlog
Y:\software\openvr\openvr-0.9.19\samples\BeingAnAtom\x64\Release\rc.command.1.tlog
Y:\software\openvr\openvr-0.9.19\samples\BeingAnAtom\x64\Release\link-rc.read.1.tlog
Y:\software\openvr\openvr-0.9.19\samples\BeingAnAtom\x64\Release\link-rc.write.1.tlog
Y:\software\openvr\openvr-0.9.19\samples\BeingAnAtom\x64\Release\link-cvtres.read.1.tlog
Y:\software\openvr\openvr-0.9.19\samples\BeingAnAtom\x64\Release\link-cvtres.write.1.tlog
Y:\software\openvr\openvr-0.9.19\samples\BeingAnAtom\x64\Release\link.read.4.tlog
Y:\software\openvr\openvr-0.9.19\samples\BeingAnAtom\x64\Release\link.read.1.tlog
Y:\software\openvr\openvr-0.9.19\samples\BeingAnAtom\x64\Release\link.write.1.tlog
Y:\software\openvr\openvr-0.9.19\samples\BeingAnAtom\x64\Release\link.command.1.tlog
Y:\software\openvr\openvr-0.9.19\samples\BeingAnAtom\x64\Release\link.read.5.tlog
Y:\software\openvr\openvr-0.9.19\samples\BeingAnAtom\x64\Release\link.read.3.tlog
Y:\software\openvr\openvr-0.9.19\samples\BeingAnAtom\x64\Release\link.read.2.tlog
Y:\software\openvr\openvr-0.9.19\samples\BeingAnAtom\x64\Release\NOMADViveT.res
Y:\software\openvr\openvr-0.9.19\samples\BeingAnAtom\x64\Release\vc110.pdb
Y:\software\openvr\openvr-0.9.19\samples\BeingAnAtom\\..\bin\NOMADViveT.pdb
Y:\software\openvr\openvr-0.9.19\samples\BeingAnAtom\\..\bin\NOMADViveT.exe
