y:\v2t\software\openvr\openvr-0.9.19\samples\timestepdata\debug\vc120.pdb
y:\v2t\software\openvr\openvr-0.9.19\samples\timestepdata\debug\vc120.idb
y:\v2t\software\openvr\openvr-0.9.19\samples\timestepdata\debug\lodepng.obj
y:\v2t\software\openvr\openvr-0.9.19\samples\timestepdata\debug\matrices.obj
y:\v2t\software\openvr\openvr-0.9.19\samples\timestepdata\debug\pathtools.obj
y:\v2t\software\openvr\openvr-0.9.19\samples\timestepdata\debug\happyhttp.obj
y:\v2t\software\openvr\openvr-0.9.19\samples\timestepdata\debug\hellovr_opengl_main.obj
y:\v2t\software\openvr\openvr-0.9.19\samples\timestepdata\debug\atoms.obj
y:\v2t\software\openvr\openvr-0.9.19\samples\timestepdata\debug\atomsgl.obj
y:\v2t\software\openvr\openvr-0.9.19\samples\timestepdata\debug\compileglshader.obj
y:\v2t\software\openvr\openvr-0.9.19\samples\timestepdata\debug\configfile.obj
y:\v2t\software\openvr\openvr-0.9.19\samples\timestepdata\debug\grid.obj
y:\v2t\software\openvr\openvr-0.9.19\samples\timestepdata\debug\isoshaders.obj
y:\v2t\software\openvr\openvr-0.9.19\samples\timestepdata\debug\isosurfacesgl.obj
y:\v2t\software\openvr\openvr-0.9.19\samples\timestepdata\debug\markershaders.obj
y:\v2t\software\openvr\openvr-0.9.19\samples\timestepdata\debug\polyhedron.obj
y:\v2t\software\openvr\openvr-0.9.19\samples\timestepdata\debug\tessshaders.obj
y:\v2t\software\openvr\openvr-0.9.19\samples\timestepdata\debug\unitcellshaders.obj
y:\v2t\software\openvr\openvr-0.9.19\samples\timestepdata\debug\hsv.obj
y:\v2t\software\openvr\openvr-0.9.19\samples\timestepdata\debug\rply.obj
y:\v2t\software\openvr\openvr-0.9.19\samples\timestepdata\debug\nomadvivet.res
y:\v2t\software\openvr\openvr-0.9.19\samples\timestepdata\debug\nomadvivet.tlog\cl.read.1.tlog
y:\v2t\software\openvr\openvr-0.9.19\samples\timestepdata\debug\nomadvivet.tlog\cl.write.1.tlog
y:\v2t\software\openvr\openvr-0.9.19\samples\timestepdata\debug\nomadvivet.tlog\cl.command.1.tlog
y:\v2t\software\openvr\openvr-0.9.19\samples\timestepdata\debug\nomadvivet.tlog\rc.read.1.tlog
y:\v2t\software\openvr\openvr-0.9.19\samples\timestepdata\debug\nomadvivet.tlog\rc.write.1.tlog
y:\v2t\software\openvr\openvr-0.9.19\samples\timestepdata\debug\nomadvivet.tlog\rc.command.1.tlog
y:\v2t\software\openvr\openvr-0.9.19\samples\timestepdata\debug\nomadvivet.tlog\link-rc.read.1.tlog
y:\v2t\software\openvr\openvr-0.9.19\samples\timestepdata\debug\nomadvivet.tlog\link-rc.write.1.tlog
y:\v2t\software\openvr\openvr-0.9.19\samples\timestepdata\debug\nomadvivet.tlog\link-cvtres.read.1.tlog
y:\v2t\software\openvr\openvr-0.9.19\samples\timestepdata\debug\nomadvivet.tlog\link-cvtres.write.1.tlog
y:\v2t\software\openvr\openvr-0.9.19\samples\timestepdata\debug\nomadvivet.tlog\link.read.1.tlog
y:\v2t\software\openvr\openvr-0.9.19\samples\timestepdata\debug\nomadvivet.tlog\link.write.1.tlog
y:\v2t\software\openvr\openvr-0.9.19\samples\timestepdata\debug\nomadvivet.tlog\link.command.1.tlog
