c:\users\matthias\desktop\nomad_vs13\openvr-0.9.19\samples\extension_to_visualize_fluid_simulations\x64\release\vc120.pdb
c:\users\matthias\desktop\nomad_vs13\openvr-0.9.19\samples\extension_to_visualize_fluid_simulations\x64\release\unitcellshaders.obj
c:\users\matthias\desktop\nomad_vs13\openvr-0.9.19\samples\extension_to_visualize_fluid_simulations\x64\release\tessshaders.obj
c:\users\matthias\desktop\nomad_vs13\openvr-0.9.19\samples\extension_to_visualize_fluid_simulations\x64\release\polyhedron.obj
c:\users\matthias\desktop\nomad_vs13\openvr-0.9.19\samples\extension_to_visualize_fluid_simulations\x64\release\markershaders.obj
c:\users\matthias\desktop\nomad_vs13\openvr-0.9.19\samples\extension_to_visualize_fluid_simulations\x64\release\isosurfacesgl.obj
c:\users\matthias\desktop\nomad_vs13\openvr-0.9.19\samples\extension_to_visualize_fluid_simulations\x64\release\isoshaders.obj
c:\users\matthias\desktop\nomad_vs13\openvr-0.9.19\samples\extension_to_visualize_fluid_simulations\x64\release\grid.obj
c:\users\matthias\desktop\nomad_vs13\openvr-0.9.19\samples\extension_to_visualize_fluid_simulations\x64\release\configfile.obj
c:\users\matthias\desktop\nomad_vs13\openvr-0.9.19\samples\extension_to_visualize_fluid_simulations\x64\release\compileglshader.obj
c:\users\matthias\desktop\nomad_vs13\openvr-0.9.19\samples\extension_to_visualize_fluid_simulations\x64\release\atomsgl.obj
c:\users\matthias\desktop\nomad_vs13\openvr-0.9.19\samples\extension_to_visualize_fluid_simulations\x64\release\atoms.obj
c:\users\matthias\desktop\nomad_vs13\openvr-0.9.19\samples\extension_to_visualize_fluid_simulations\x64\release\mwp.obj
c:\users\matthias\desktop\nomad_vs13\openvr-0.9.19\samples\extension_to_visualize_fluid_simulations\x64\release\loadpng.obj
c:\users\matthias\desktop\nomad_vs13\openvr-0.9.19\samples\extension_to_visualize_fluid_simulations\x64\release\hellovr_opengl_main.obj
c:\users\matthias\desktop\nomad_vs13\openvr-0.9.19\samples\extension_to_visualize_fluid_simulations\x64\release\happyhttp.obj
c:\users\matthias\desktop\nomad_vs13\openvr-0.9.19\samples\extension_to_visualize_fluid_simulations\x64\release\atomvectors.obj
c:\users\matthias\desktop\nomad_vs13\openvr-0.9.19\samples\extension_to_visualize_fluid_simulations\x64\release\pathtools.obj
c:\users\matthias\desktop\nomad_vs13\openvr-0.9.19\samples\extension_to_visualize_fluid_simulations\x64\release\matrices.obj
c:\users\matthias\desktop\nomad_vs13\openvr-0.9.19\samples\extension_to_visualize_fluid_simulations\x64\release\lodepng.obj
c:\users\matthias\desktop\nomad_vs13\openvr-0.9.19\samples\extension_to_visualize_fluid_simulations\x64\release\rply.obj
c:\users\matthias\desktop\nomad_vs13\openvr-0.9.19\samples\extension_to_visualize_fluid_simulations\x64\release\hsv.obj
c:\users\matthias\desktop\nomad_vs13\openvr-0.9.19\samples\extension_to_visualize_fluid_simulations\x64\release\nomadvivet.res
c:\users\matthias\desktop\nomad_vs13\openvr-0.9.19\samples\extension_to_visualize_fluid_simulations\x64\release\nomadvivet_ma.tlog\cl.command.1.tlog
c:\users\matthias\desktop\nomad_vs13\openvr-0.9.19\samples\extension_to_visualize_fluid_simulations\x64\release\nomadvivet_ma.tlog\cl.read.1.tlog
c:\users\matthias\desktop\nomad_vs13\openvr-0.9.19\samples\extension_to_visualize_fluid_simulations\x64\release\nomadvivet_ma.tlog\cl.write.1.tlog
c:\users\matthias\desktop\nomad_vs13\openvr-0.9.19\samples\extension_to_visualize_fluid_simulations\x64\release\nomadvivet_ma.tlog\link.command.1.tlog
c:\users\matthias\desktop\nomad_vs13\openvr-0.9.19\samples\extension_to_visualize_fluid_simulations\x64\release\nomadvivet_ma.tlog\link.read.1.tlog
c:\users\matthias\desktop\nomad_vs13\openvr-0.9.19\samples\extension_to_visualize_fluid_simulations\x64\release\nomadvivet_ma.tlog\link.write.1.tlog
c:\users\matthias\desktop\nomad_vs13\openvr-0.9.19\samples\extension_to_visualize_fluid_simulations\x64\release\nomadvivet_ma.tlog\rc.command.1.tlog
c:\users\matthias\desktop\nomad_vs13\openvr-0.9.19\samples\extension_to_visualize_fluid_simulations\x64\release\nomadvivet_ma.tlog\rc.read.1.tlog
c:\users\matthias\desktop\nomad_vs13\openvr-0.9.19\samples\extension_to_visualize_fluid_simulations\x64\release\nomadvivet_ma.tlog\rc.write.1.tlog
